Fri Dec 26 15:21:23 NPT 2014
Starting Model Build Process with Classifier : 2 and Test poc/data/iris.arff 
FOUND weka_j48 for the 2 requested...evoking function

J48 pruned tree
------------------

petalwidth <= 0.6: Iris-setosa (50.0)
petalwidth > 0.6
|   petalwidth <= 1.7
|   |   petallength <= 4.9: Iris-versicolor (48.0/1.0)
|   |   petallength > 4.9
|   |   |   petalwidth <= 1.5: Iris-virginica (3.0)
|   |   |   petalwidth > 1.5: Iris-versicolor (3.0/1.0)
|   petalwidth > 1.7: Iris-virginica (46.0/1.0)

Number of Leaves  : 	5

Size of the tree : 	9


Time taken to build model: 0.03 seconds
Time taken to test model on training data: 0.02 seconds

=== Error on training data ===

Correctly Classified Instances         147               98      %
Incorrectly Classified Instances         3                2      %
Kappa statistic                          0.97  
Mean absolute error                      0.0233
Root mean squared error                  0.108 
Relative absolute error                  5.2482 %
Root relative squared error             22.9089 %
Total Number of Instances              150     


=== Confusion Matrix ===

  a  b  c   <-- classified as
 50  0  0 |  a = Iris-setosa
  0 49  1 |  b = Iris-versicolor
  0  2 48 |  c = Iris-virginica

 2_20141226_1521_9932.mld has been created for request
poc/model//2_20141226_1521_9932.meta
poc/model//2_20141226_1521_9932.meta : Metadata for model has been created
poc/model//2_20141226_1521_9932.meta : Metadata for model has been created
