

=== Predictions on test data ===

 inst#     actual  predicted error prediction
     1 1:Iris-set 1:Iris-set       1 
     2 1:Iris-set 1:Iris-set       1 
     3 1:Iris-set 1:Iris-set       1 
     4 1:Iris-set 1:Iris-set       1 
     5 1:Iris-set 1:Iris-set       1 
     6 1:Iris-set 1:Iris-set       1 
     7 1:Iris-set 1:Iris-set       1 
     8 1:Iris-set 1:Iris-set       1 
     9 1:Iris-set 1:Iris-set       1 
    10 1:Iris-set 1:Iris-set       1 
    11 1:Iris-set 1:Iris-set       1 
    12 1:Iris-set 1:Iris-set       1 
    13 1:Iris-set 1:Iris-set       1 
    14 1:Iris-set 1:Iris-set       1 
    15 1:Iris-set 1:Iris-set       1 
    16 1:Iris-set 1:Iris-set       1 
    17 1:Iris-set 1:Iris-set       1 
    18 1:Iris-set 1:Iris-set       1 
    19 1:Iris-set 1:Iris-set       1 
    20 1:Iris-set 1:Iris-set       1 
    21 1:Iris-set 1:Iris-set       1 
    22 1:Iris-set 1:Iris-set       1 
    23 1:Iris-set 1:Iris-set       1 
    24 1:Iris-set 1:Iris-set       1 
    25 1:Iris-set 1:Iris-set       1 
    26 1:Iris-set 1:Iris-set       1 
    27 1:Iris-set 1:Iris-set       1 
    28 1:Iris-set 1:Iris-set       1 
    29 1:Iris-set 1:Iris-set       1 
    30 1:Iris-set 1:Iris-set       1 
    31 1:Iris-set 1:Iris-set       1 
    32 1:Iris-set 1:Iris-set       1 
    33 1:Iris-set 1:Iris-set       1 
    34 1:Iris-set 1:Iris-set       1 
    35 1:Iris-set 1:Iris-set       1 
    36 1:Iris-set 1:Iris-set       1 
    37 1:Iris-set 1:Iris-set       1 
    38 1:Iris-set 1:Iris-set       1 
    39 1:Iris-set 1:Iris-set       1 
    40 1:Iris-set 1:Iris-set       1 
    41 1:Iris-set 1:Iris-set       1 
    42 1:Iris-set 1:Iris-set       1 
    43 1:Iris-set 1:Iris-set       1 
    44 1:Iris-set 1:Iris-set       1 
    45 1:Iris-set 1:Iris-set       1 
    46 1:Iris-set 1:Iris-set       1 
    47 1:Iris-set 1:Iris-set       1 
    48 1:Iris-set 1:Iris-set       1 
    49 1:Iris-set 1:Iris-set       1 
    50 1:Iris-set 1:Iris-set       1 
    51 2:Iris-ver 2:Iris-ver       0.979 
    52 2:Iris-ver 2:Iris-ver       0.979 
    53 2:Iris-ver 2:Iris-ver       0.979 
    54 2:Iris-ver 2:Iris-ver       0.979 
    55 2:Iris-ver 2:Iris-ver       0.979 
    56 2:Iris-ver 2:Iris-ver       0.979 
    57 2:Iris-ver 2:Iris-ver       0.979 
    58 2:Iris-ver 2:Iris-ver       0.979 
    59 2:Iris-ver 2:Iris-ver       0.979 
    60 2:Iris-ver 2:Iris-ver       0.979 
    61 2:Iris-ver 2:Iris-ver       0.979 
    62 2:Iris-ver 2:Iris-ver       0.979 
    63 2:Iris-ver 2:Iris-ver       0.979 
    64 2:Iris-ver 2:Iris-ver       0.979 
    65 2:Iris-ver 2:Iris-ver       0.979 
    66 2:Iris-ver 2:Iris-ver       0.979 
    67 2:Iris-ver 2:Iris-ver       0.979 
    68 2:Iris-ver 2:Iris-ver       0.979 
    69 2:Iris-ver 2:Iris-ver       0.979 
    70 2:Iris-ver 2:Iris-ver       0.979 
    71 2:Iris-ver 3:Iris-vir   +   0.978 
    72 2:Iris-ver 2:Iris-ver       0.979 
    73 2:Iris-ver 2:Iris-ver       0.979 
    74 2:Iris-ver 2:Iris-ver       0.979 
    75 2:Iris-ver 2:Iris-ver       0.979 
    76 2:Iris-ver 2:Iris-ver       0.979 
    77 2:Iris-ver 2:Iris-ver       0.979 
    78 2:Iris-ver 2:Iris-ver       0.667 
    79 2:Iris-ver 2:Iris-ver       0.979 
    80 2:Iris-ver 2:Iris-ver       0.979 
    81 2:Iris-ver 2:Iris-ver       0.979 
    82 2:Iris-ver 2:Iris-ver       0.979 
    83 2:Iris-ver 2:Iris-ver       0.979 
    84 2:Iris-ver 2:Iris-ver       0.667 
    85 2:Iris-ver 2:Iris-ver       0.979 
    86 2:Iris-ver 2:Iris-ver       0.979 
    87 2:Iris-ver 2:Iris-ver       0.979 
    88 2:Iris-ver 2:Iris-ver       0.979 
    89 2:Iris-ver 2:Iris-ver       0.979 
    90 2:Iris-ver 2:Iris-ver       0.979 
    91 2:Iris-ver 2:Iris-ver       0.979 
    92 2:Iris-ver 2:Iris-ver       0.979 
    93 2:Iris-ver 2:Iris-ver       0.979 
    94 2:Iris-ver 2:Iris-ver       0.979 
    95 2:Iris-ver 2:Iris-ver       0.979 
    96 2:Iris-ver 2:Iris-ver       0.979 
    97 2:Iris-ver 2:Iris-ver       0.979 
    98 2:Iris-ver 2:Iris-ver       0.979 
    99 2:Iris-ver 2:Iris-ver       0.979 
   100 2:Iris-ver 2:Iris-ver       0.979 
   101 3:Iris-vir 3:Iris-vir       0.978 
   102 3:Iris-vir 3:Iris-vir       0.978 
   103 3:Iris-vir 3:Iris-vir       0.978 
   104 3:Iris-vir 3:Iris-vir       0.978 
   105 3:Iris-vir 3:Iris-vir       0.978 
   106 3:Iris-vir 3:Iris-vir       0.978 
   107 3:Iris-vir 2:Iris-ver   +   0.979 
   108 3:Iris-vir 3:Iris-vir       0.978 
   109 3:Iris-vir 3:Iris-vir       0.978 
   110 3:Iris-vir 3:Iris-vir       0.978 
   111 3:Iris-vir 3:Iris-vir       0.978 
   112 3:Iris-vir 3:Iris-vir       0.978 
   113 3:Iris-vir 3:Iris-vir       0.978 
   114 3:Iris-vir 3:Iris-vir       0.978 
   115 3:Iris-vir 3:Iris-vir       0.978 
   116 3:Iris-vir 3:Iris-vir       0.978 
   117 3:Iris-vir 3:Iris-vir       0.978 
   118 3:Iris-vir 3:Iris-vir       0.978 
   119 3:Iris-vir 3:Iris-vir       0.978 
   120 3:Iris-vir 3:Iris-vir       1 
   121 3:Iris-vir 3:Iris-vir       0.978 
   122 3:Iris-vir 3:Iris-vir       0.978 
   123 3:Iris-vir 3:Iris-vir       0.978 
   124 3:Iris-vir 3:Iris-vir       0.978 
   125 3:Iris-vir 3:Iris-vir       0.978 
   126 3:Iris-vir 3:Iris-vir       0.978 
   127 3:Iris-vir 3:Iris-vir       0.978 
   128 3:Iris-vir 3:Iris-vir       0.978 
   129 3:Iris-vir 3:Iris-vir       0.978 
   130 3:Iris-vir 2:Iris-ver   +   0.667 
   131 3:Iris-vir 3:Iris-vir       0.978 
   132 3:Iris-vir 3:Iris-vir       0.978 
   133 3:Iris-vir 3:Iris-vir       0.978 
   134 3:Iris-vir 3:Iris-vir       1 
   135 3:Iris-vir 3:Iris-vir       1 
   136 3:Iris-vir 3:Iris-vir       0.978 
   137 3:Iris-vir 3:Iris-vir       0.978 
   138 3:Iris-vir 3:Iris-vir       0.978 
   139 3:Iris-vir 3:Iris-vir       0.978 
   140 3:Iris-vir 3:Iris-vir       0.978 
   141 3:Iris-vir 3:Iris-vir       0.978 
   142 3:Iris-vir 3:Iris-vir       0.978 
   143 3:Iris-vir 3:Iris-vir       0.978 
   144 3:Iris-vir 3:Iris-vir       0.978 
   145 3:Iris-vir 3:Iris-vir       0.978 
   146 3:Iris-vir 3:Iris-vir       0.978 
   147 3:Iris-vir 3:Iris-vir       0.978 
   148 3:Iris-vir 3:Iris-vir       0.978 
   149 3:Iris-vir 3:Iris-vir       0.978 
   150 3:Iris-vir 3:Iris-vir       0.978 

