

=== Predictions on test data ===

 inst#     actual  predicted error prediction
     1 1:diaporth 1:diaporth       0.952 
     2 1:diaporth 1:diaporth       0.952 
     3 1:diaporth 1:diaporth       0.952 
     4 1:diaporth 1:diaporth       0.952 
     5 1:diaporth 1:diaporth       0.952 
     6 1:diaporth 1:diaporth       0.952 
     7 1:diaporth 1:diaporth       0.952 
     8 1:diaporth 1:diaporth       0.952 
     9 1:diaporth 1:diaporth       0.952 
    10 1:diaporth 1:diaporth       0.952 
    11 2:charcoal 2:charcoal       0.9 
    12 2:charcoal 2:charcoal       0.9 
    13 2:charcoal 2:charcoal       0.9 
    14 2:charcoal 2:charcoal       0.9 
    15 2:charcoal 2:charcoal       0.9 
    16 2:charcoal 2:charcoal       0.9 
    17 2:charcoal 2:charcoal       0.9 
    18 2:charcoal 2:charcoal       0.9 
    19 2:charcoal 2:charcoal       0.9 
    20 2:charcoal 2:charcoal       0.9 
    21 3:rhizocto 3:rhizocto       1 
    22 3:rhizocto 3:rhizocto       1 
    23 3:rhizocto 3:rhizocto       1 
    24 3:rhizocto 3:rhizocto       1 
    25 3:rhizocto 3:rhizocto       1 
    26 3:rhizocto 3:rhizocto       1 
    27 3:rhizocto 3:rhizocto       1 
    28 3:rhizocto 3:rhizocto       1 
    29 3:rhizocto 3:rhizocto       1 
    30 3:rhizocto 3:rhizocto       1 
    31 4:phytopht 4:phytopht       0.848 
    32 4:phytopht 4:phytopht       0.843 
    33 4:phytopht 4:phytopht       0.94 
    34 4:phytopht 4:phytopht       0.848 
    35 4:phytopht 4:phytopht       0.94 
    36 4:phytopht 4:phytopht       0.94 
    37 4:phytopht 4:phytopht       0.848 
    38 4:phytopht 4:phytopht       0.848 
    39 4:phytopht 4:phytopht       0.843 
    40 4:phytopht 4:phytopht       0.848 
    41 4:phytopht 4:phytopht       0.843 
    42 4:phytopht 4:phytopht       0.94 
    43 4:phytopht 4:phytopht       0.848 
    44 4:phytopht 4:phytopht       0.848 
    45 4:phytopht 4:phytopht       0.848 
    46 4:phytopht 4:phytopht       0.94 
    47 4:phytopht 4:phytopht       0.848 
    48 4:phytopht 4:phytopht       0.843 
    49 4:phytopht 4:phytopht       0.848 
    50 4:phytopht 4:phytopht       0.848 
    51 4:phytopht 4:phytopht       0.848 
    52 4:phytopht 4:phytopht       0.843 
    53 4:phytopht 4:phytopht       0.94 
    54 4:phytopht 4:phytopht       0.843 
    55 4:phytopht 4:phytopht       0.94 
    56 4:phytopht 4:phytopht       0.848 
    57 4:phytopht 4:phytopht       0.843 
    58 4:phytopht 4:phytopht       0.94 
    59 4:phytopht 4:phytopht       0.843 
    60 4:phytopht 4:phytopht       0.94 
    61 4:phytopht 4:phytopht       0.843 
    62 4:phytopht 4:phytopht       0.843 
    63 4:phytopht 4:phytopht       0.848 
    64 4:phytopht 4:phytopht       0.843 
    65 4:phytopht 4:phytopht       0.94 
    66 4:phytopht 4:phytopht       0.848 
    67 4:phytopht 4:phytopht       0.94 
    68 4:phytopht 4:phytopht       0.94 
    69 4:phytopht 4:phytopht       0.848 
    70 4:phytopht 4:phytopht       0.94 
    71 5:brown-st 5:brown-st       0.98 
    72 5:brown-st 5:brown-st       0.98 
    73 5:brown-st 5:brown-st       0.98 
    74 5:brown-st 5:brown-st       0.98 
    75 5:brown-st 5:brown-st       0.98 
    76 5:brown-st 5:brown-st       0.98 
    77 5:brown-st 5:brown-st       1 
    78 5:brown-st 5:brown-st       1 
    79 5:brown-st 5:brown-st       0.98 
    80 5:brown-st 5:brown-st       1 
    81 5:brown-st 5:brown-st       0.98 
    82 5:brown-st 5:brown-st       1 
    83 5:brown-st 5:brown-st       0.98 
    84 5:brown-st 5:brown-st       1 
    85 5:brown-st 5:brown-st       0.98 
    86 5:brown-st 5:brown-st       0.98 
    87 5:brown-st 5:brown-st       0.98 
    88 5:brown-st 5:brown-st       0.98 
    89 5:brown-st 5:brown-st       0.98 
    90 5:brown-st 5:brown-st       0.98 
    91 6:powdery- 6:powdery-       0.909 
    92 6:powdery- 6:powdery-       0.909 
    93 6:powdery- 6:powdery-       0.909 
    94 6:powdery- 6:powdery-       0.909 
    95 6:powdery- 6:powdery-       0.909 
    96 6:powdery- 6:powdery-       0.909 
    97 6:powdery- 6:powdery-       0.909 
    98 6:powdery- 6:powdery-       0.909 
    99 6:powdery- 6:powdery-       0.909 
   100 6:powdery- 6:powdery-       0.909 
   101 7:downy-mi 7:downy-mi       1 
   102 7:downy-mi 7:downy-mi       1 
   103 7:downy-mi 7:downy-mi       1 
   104 7:downy-mi 7:downy-mi       1 
   105 7:downy-mi 7:downy-mi       1 
   106 7:downy-mi 7:downy-mi       1 
   107 7:downy-mi 7:downy-mi       1 
   108 7:downy-mi 7:downy-mi       1 
   109 7:downy-mi 7:downy-mi       1 
   110 7:downy-mi 7:downy-mi       1 
   111 8:brown-sp 8:brown-sp       0.958 
   112 8:brown-sp 8:brown-sp       1 
   113 8:brown-sp 8:brown-sp       1 
   114 8:brown-sp 8:brown-sp       1 
   115 8:brown-sp 8:brown-sp       0.958 
   116 8:brown-sp 8:brown-sp       0.958 
   117 8:brown-sp 8:brown-sp       1 
   118 8:brown-sp 8:brown-sp       1 
   119 8:brown-sp 8:brown-sp       0.958 
   120 8:brown-sp 8:brown-sp       1 
   121 8:brown-sp 8:brown-sp       1 
   122 8:brown-sp 8:brown-sp       0.958 
   123 8:brown-sp 8:brown-sp       0.958 
   124 8:brown-sp 8:brown-sp       1 
   125 8:brown-sp 8:brown-sp       0.958 
   126 8:brown-sp 8:brown-sp       1 
   127 8:brown-sp 8:brown-sp       1 
   128 8:brown-sp 8:brown-sp       1 
   129 8:brown-sp 8:brown-sp       0.958 
   130 8:brown-sp 8:brown-sp       0.958 
   131 8:brown-sp 8:brown-sp       1 
   132 8:brown-sp 8:brown-sp       1 
   133 8:brown-sp 8:brown-sp       1 
   134 8:brown-sp 8:brown-sp       1 
   135 8:brown-sp 8:brown-sp       0.958 
   136 8:brown-sp 8:brown-sp       0.958 
   137 8:brown-sp 8:brown-sp       1 
   138 8:brown-sp 8:brown-sp       1 
   139 8:brown-sp 8:brown-sp       1 
   140 8:brown-sp 8:brown-sp       0.958 
   141 8:brown-sp 8:brown-sp       1 
   142 8:brown-sp 8:brown-sp       1 
   143 8:brown-sp 8:brown-sp       0.6 
   144 8:brown-sp 8:brown-sp       1 
   145 8:brown-sp 8:brown-sp       1 
   146 8:brown-sp 8:brown-sp       1 
   147 8:brown-sp 15:frog-ey   +   0.545 
   148 8:brown-sp 8:brown-sp       1 
   149 8:brown-sp 8:brown-sp       1 
   150 8:brown-sp 8:brown-sp       1 
   151 9:bacteria 9:bacteria       0.952 
   152 9:bacteria 9:bacteria       0.952 
   153 9:bacteria 9:bacteria       0.952 
   154 9:bacteria 9:bacteria       0.952 
   155 9:bacteria 9:bacteria       0.952 
   156 9:bacteria 9:bacteria       0.952 
   157 9:bacteria 9:bacteria       0.952 
   158 9:bacteria 9:bacteria       0.952 
   159 9:bacteria 9:bacteria       0.952 
   160 9:bacteria 9:bacteria       0.952 
   161 10:bacteri 10:bacteri       0.949 
   162 10:bacteri 10:bacteri       0.949 
   163 10:bacteri 10:bacteri       0.949 
   164 10:bacteri 10:bacteri       0.619 
   165 10:bacteri 10:bacteri       0.949 
   166 10:bacteri 10:bacteri       0.949 
   167 10:bacteri 10:bacteri       0.949 
   168 10:bacteri 10:bacteri       0.949 
   169 10:bacteri 10:bacteri       0.949 
   170 10:bacteri 10:bacteri       0.949 
   171 11:purple- 11:purple-       1 
   172 11:purple- 11:purple-       0.98 
   173 11:purple- 11:purple-       1 
   174 11:purple- 11:purple-       0.98 
   175 11:purple- 11:purple-       0.98 
   176 11:purple- 11:purple-       0.98 
   177 11:purple- 11:purple-       1 
   178 11:purple- 11:purple-       1 
   179 11:purple- 11:purple-       0.98 
   180 11:purple- 11:purple-       1 
   181 12:anthrac 12:anthrac       1 
   182 12:anthrac 12:anthrac       0.909 
   183 12:anthrac 12:anthrac       1 
   184 12:anthrac 4:phytopht   +   0.848 
   185 12:anthrac 12:anthrac       1 
   186 12:anthrac 12:anthrac       0.909 
   187 12:anthrac 12:anthrac       1 
   188 12:anthrac 12:anthrac       1 
   189 12:anthrac 12:anthrac       1 
   190 12:anthrac 12:anthrac       1 
   191 12:anthrac 12:anthrac       0.909 
   192 12:anthrac 12:anthrac       1 
   193 12:anthrac 12:anthrac       1 
   194 12:anthrac 12:anthrac       1 
   195 12:anthrac 12:anthrac       1 
   196 12:anthrac 12:anthrac       0.909 
   197 12:anthrac 12:anthrac       1 
   198 12:anthrac 12:anthrac       0.909 
   199 12:anthrac 12:anthrac       1 
   200 12:anthrac 12:anthrac       1 
   201 13:phyllos 13:phyllos       1 
   202 13:phyllos 13:phyllos       1 
   203 13:phyllos 13:phyllos       1 
   204 13:phyllos 13:phyllos       1 
   205 13:phyllos 13:phyllos       1 
   206 13:phyllos 13:phyllos       1 
   207 13:phyllos 13:phyllos       1 
   208 13:phyllos 13:phyllos       1 
   209 13:phyllos 13:phyllos       1 
   210 13:phyllos 8:brown-sp   +   0.6 
   211 14:alterna 14:alterna       0.8 
   212 14:alterna 14:alterna       0.75 
   213 14:alterna 15:frog-ey   +   0.545 
   214 14:alterna 14:alterna       0.968 
   215 14:alterna 14:alterna       0.968 
   216 14:alterna 14:alterna       0.909 
   217 14:alterna 14:alterna       0.968 
   218 14:alterna 14:alterna       0.909 
   219 14:alterna 14:alterna       0.968 
   220 14:alterna 14:alterna       0.968 
   221 14:alterna 14:alterna       0.909 
   222 14:alterna 14:alterna       0.8 
   223 14:alterna 14:alterna       0.968 
   224 14:alterna 14:alterna       0.909 
   225 14:alterna 14:alterna       0.909 
   226 14:alterna 14:alterna       0.75 
   227 14:alterna 14:alterna       1 
   228 14:alterna 14:alterna       0.909 
   229 14:alterna 14:alterna       0.968 
   230 14:alterna 14:alterna       0.968 
   231 14:alterna 14:alterna       0.909 
   232 14:alterna 14:alterna       0.909 
   233 14:alterna 14:alterna       1 
   234 14:alterna 14:alterna       0.968 
   235 14:alterna 14:alterna       0.8 
   236 14:alterna 14:alterna       0.968 
   237 14:alterna 14:alterna       0.75 
   238 14:alterna 14:alterna       0.75 
   239 14:alterna 14:alterna       0.909 
   240 14:alterna 15:frog-ey   +   0.545 
   241 14:alterna 14:alterna       0.909 
   242 14:alterna 14:alterna       0.909 
   243 14:alterna 14:alterna       0.75 
   244 14:alterna 14:alterna       0.909 
   245 14:alterna 14:alterna       0.968 
   246 14:alterna 14:alterna       0.909 
   247 14:alterna 14:alterna       0.968 
   248 14:alterna 14:alterna       0.909 
   249 14:alterna 14:alterna       0.909 
   250 14:alterna 14:alterna       0.968 
   251 15:frog-ey 15:frog-ey       1 
   252 15:frog-ey 15:frog-ey       1 
   253 15:frog-ey 15:frog-ey       1 
   254 15:frog-ey 14:alterna   +   0.909 
   255 15:frog-ey 15:frog-ey       1 
   256 15:frog-ey 15:frog-ey       1 
   257 15:frog-ey 15:frog-ey       1 
   258 15:frog-ey 15:frog-ey       1 
   259 15:frog-ey 14:alterna   +   0.909 
   260 15:frog-ey 15:frog-ey       1 
   261 15:frog-ey 15:frog-ey       1 
   262 15:frog-ey 15:frog-ey       1 
   263 15:frog-ey 15:frog-ey       1 
   264 15:frog-ey 15:frog-ey       1 
   265 15:frog-ey 15:frog-ey       1 
   266 15:frog-ey 15:frog-ey       1 
   267 15:frog-ey 15:frog-ey       1 
   268 15:frog-ey 15:frog-ey       1 
   269 15:frog-ey 15:frog-ey       1 
   270 15:frog-ey 15:frog-ey       1 
   271 15:frog-ey 15:frog-ey       0.545 
   272 15:frog-ey 15:frog-ey       1 
   273 15:frog-ey 15:frog-ey       1 
   274 15:frog-ey 15:frog-ey       1 
   275 15:frog-ey 14:alterna   +   0.909 
   276 15:frog-ey 15:frog-ey       0.545 
   277 15:frog-ey 15:frog-ey       1 
   278 15:frog-ey 14:alterna   +   0.75 
   279 15:frog-ey 15:frog-ey       1 
   280 15:frog-ey 15:frog-ey       1 
   281 15:frog-ey 15:frog-ey       1 
   282 15:frog-ey 15:frog-ey       1 
   283 15:frog-ey 15:frog-ey       1 
   284 15:frog-ey 15:frog-ey       1 
   285 15:frog-ey 14:alterna   +   0.75 
   286 15:frog-ey 14:alterna   +   0.909 
   287 15:frog-ey 15:frog-ey       1 
   288 15:frog-ey 15:frog-ey       1 
   289 15:frog-ey 15:frog-ey       1 
   290 15:frog-ey 15:frog-ey       1 
   291 16:diaport 16:diaport       0.874 
   292 16:diaport 16:diaport       0.874 
   293 16:diaport 16:diaport       0.874 
   294 16:diaport 16:diaport       0.87 
   295 16:diaport 16:diaport       0.874 
   296 16:diaport 16:diaport       0.874 
   297 17:cyst-ne 17:cyst-ne       0.796 
   298 17:cyst-ne 17:cyst-ne       0.796 
   299 17:cyst-ne 17:cyst-ne       0.796 
   300 17:cyst-ne 17:cyst-ne       0.796 
   301 17:cyst-ne 17:cyst-ne       0.796 
   302 17:cyst-ne 17:cyst-ne       0.796 
   303 18:2-4-d-i 18:2-4-d-i       0.366 
   304 19:herbici 19:herbici       0.908 
   305 19:herbici 4:phytopht   +   0.639 
   306 19:herbici 4:phytopht   +   0.639 
   307 19:herbici 19:herbici       0.819 
   308 1:diaporth 1:diaporth       0.952 
   309 1:diaporth 1:diaporth       0.952 
   310 1:diaporth 1:diaporth       0.952 
   311 1:diaporth 1:diaporth       0.952 
   312 1:diaporth 1:diaporth       0.952 
   313 1:diaporth 1:diaporth       0.952 
   314 1:diaporth 1:diaporth       0.952 
   315 1:diaporth 1:diaporth       0.952 
   316 1:diaporth 1:diaporth       0.952 
   317 1:diaporth 1:diaporth       0.952 
   318 2:charcoal 2:charcoal       0.9 
   319 2:charcoal 2:charcoal       0.9 
   320 2:charcoal 2:charcoal       0.9 
   321 2:charcoal 2:charcoal       0.9 
   322 2:charcoal 2:charcoal       0.9 
   323 2:charcoal 2:charcoal       0.9 
   324 2:charcoal 2:charcoal       0.9 
   325 2:charcoal 2:charcoal       0.9 
   326 2:charcoal 2:charcoal       0.9 
   327 2:charcoal 2:charcoal       0.9 
   328 3:rhizocto 3:rhizocto       1 
   329 3:rhizocto 3:rhizocto       1 
   330 3:rhizocto 3:rhizocto       1 
   331 3:rhizocto 3:rhizocto       1 
   332 3:rhizocto 3:rhizocto       1 
   333 3:rhizocto 3:rhizocto       1 
   334 3:rhizocto 3:rhizocto       1 
   335 3:rhizocto 1:diaporth   +   0.952 
   336 3:rhizocto 3:rhizocto       1 
   337 3:rhizocto 3:rhizocto       1 
   338 4:phytopht 4:phytopht       0.848 
   339 4:phytopht 4:phytopht       0.848 
   340 4:phytopht 4:phytopht       0.848 
   341 4:phytopht 4:phytopht       0.848 
   342 4:phytopht 4:phytopht       0.843 
   343 4:phytopht 4:phytopht       0.843 
   344 4:phytopht 4:phytopht       0.94 
   345 4:phytopht 4:phytopht       0.94 
   346 4:phytopht 4:phytopht       0.94 
   347 4:phytopht 4:phytopht       0.94 
   348 4:phytopht 4:phytopht       0.94 
   349 4:phytopht 4:phytopht       0.94 
   350 4:phytopht 4:phytopht       0.94 
   351 4:phytopht 4:phytopht       0.94 
   352 4:phytopht 4:phytopht       0.94 
   353 4:phytopht 4:phytopht       0.94 
   354 4:phytopht 4:phytopht       0.94 
   355 4:phytopht 4:phytopht       0.94 
   356 4:phytopht 4:phytopht       0.94 
   357 4:phytopht 4:phytopht       0.94 
   358 4:phytopht 4:phytopht       0.94 
   359 4:phytopht 4:phytopht       0.94 
   360 4:phytopht 4:phytopht       0.94 
   361 4:phytopht 4:phytopht       0.94 
   362 4:phytopht 4:phytopht       0.94 
   363 4:phytopht 4:phytopht       0.94 
   364 4:phytopht 4:phytopht       0.94 
   365 4:phytopht 4:phytopht       0.94 
   366 4:phytopht 4:phytopht       0.94 
   367 4:phytopht 4:phytopht       0.94 
   368 4:phytopht 4:phytopht       0.94 
   369 4:phytopht 4:phytopht       0.94 
   370 4:phytopht 4:phytopht       0.94 
   371 4:phytopht 4:phytopht       0.94 
   372 4:phytopht 4:phytopht       0.94 
   373 4:phytopht 4:phytopht       0.94 
   374 4:phytopht 4:phytopht       0.94 
   375 4:phytopht 4:phytopht       0.94 
   376 4:phytopht 4:phytopht       0.94 
   377 4:phytopht 4:phytopht       0.94 
   378 4:phytopht 4:phytopht       0.94 
   379 4:phytopht 4:phytopht       0.94 
   380 4:phytopht 4:phytopht       0.94 
   381 4:phytopht 4:phytopht       0.94 
   382 4:phytopht 4:phytopht       0.94 
   383 4:phytopht 4:phytopht       0.94 
   384 4:phytopht 4:phytopht       0.94 
   385 4:phytopht 4:phytopht       0.94 
   386 5:brown-st 5:brown-st       1 
   387 5:brown-st 5:brown-st       0.98 
   388 5:brown-st 5:brown-st       1 
   389 5:brown-st 5:brown-st       0.98 
   390 5:brown-st 5:brown-st       1 
   391 5:brown-st 5:brown-st       0.98 
   392 5:brown-st 5:brown-st       0.98 
   393 5:brown-st 5:brown-st       0.98 
   394 5:brown-st 5:brown-st       0.98 
   395 5:brown-st 5:brown-st       0.98 
   396 5:brown-st 5:brown-st       0.98 
   397 5:brown-st 5:brown-st       0.98 
   398 5:brown-st 5:brown-st       0.98 
   399 5:brown-st 5:brown-st       1 
   400 5:brown-st 5:brown-st       0.98 
   401 5:brown-st 5:brown-st       0.98 
   402 5:brown-st 5:brown-st       0.98 
   403 5:brown-st 5:brown-st       0.98 
   404 5:brown-st 5:brown-st       0.98 
   405 5:brown-st 5:brown-st       0.98 
   406 5:brown-st 5:brown-st       0.98 
   407 5:brown-st 5:brown-st       0.98 
   408 5:brown-st 5:brown-st       0.98 
   409 5:brown-st 5:brown-st       0.98 
   410 6:powdery- 6:powdery-       0.909 
   411 6:powdery- 6:powdery-       0.909 
   412 6:powdery- 6:powdery-       0.909 
   413 6:powdery- 6:powdery-       0.909 
   414 6:powdery- 6:powdery-       0.909 
   415 6:powdery- 6:powdery-       0.909 
   416 6:powdery- 6:powdery-       0.909 
   417 6:powdery- 6:powdery-       0.909 
   418 6:powdery- 6:powdery-       0.909 
   419 6:powdery- 6:powdery-       0.909 
   420 7:downy-mi 7:downy-mi       1 
   421 7:downy-mi 7:downy-mi       1 
   422 7:downy-mi 7:downy-mi       1 
   423 7:downy-mi 7:downy-mi       1 
   424 7:downy-mi 7:downy-mi       1 
   425 7:downy-mi 7:downy-mi       1 
   426 7:downy-mi 7:downy-mi       1 
   427 7:downy-mi 7:downy-mi       1 
   428 7:downy-mi 7:downy-mi       1 
   429 7:downy-mi 7:downy-mi       1 
   430 8:brown-sp 8:brown-sp       1 
   431 8:brown-sp 8:brown-sp       1 
   432 8:brown-sp 15:frog-ey   +   0.545 
   433 8:brown-sp 8:brown-sp       1 
   434 8:brown-sp 8:brown-sp       1 
   435 8:brown-sp 8:brown-sp       1 
   436 8:brown-sp 8:brown-sp       1 
   437 8:brown-sp 8:brown-sp       0.958 
   438 8:brown-sp 8:brown-sp       0.6 
   439 8:brown-sp 8:brown-sp       1 
   440 8:brown-sp 8:brown-sp       1 
   441 8:brown-sp 8:brown-sp       0.958 
   442 8:brown-sp 8:brown-sp       0.6 
   443 8:brown-sp 8:brown-sp       1 
   444 8:brown-sp 8:brown-sp       1 
   445 8:brown-sp 8:brown-sp       1 
   446 8:brown-sp 8:brown-sp       0.958 
   447 8:brown-sp 8:brown-sp       1 
   448 8:brown-sp 8:brown-sp       1 
   449 8:brown-sp 8:brown-sp       0.958 
   450 8:brown-sp 8:brown-sp       0.958 
   451 8:brown-sp 8:brown-sp       1 
   452 8:brown-sp 8:brown-sp       1 
   453 8:brown-sp 8:brown-sp       1 
   454 8:brown-sp 8:brown-sp       1 
   455 8:brown-sp 8:brown-sp       0.958 
   456 8:brown-sp 8:brown-sp       1 
   457 8:brown-sp 8:brown-sp       1 
   458 8:brown-sp 8:brown-sp       0.958 
   459 8:brown-sp 8:brown-sp       1 
   460 8:brown-sp 8:brown-sp       1 
   461 8:brown-sp 8:brown-sp       0.958 
   462 8:brown-sp 8:brown-sp       1 
   463 8:brown-sp 8:brown-sp       1 
   464 8:brown-sp 8:brown-sp       0.958 
   465 8:brown-sp 8:brown-sp       1 
   466 8:brown-sp 8:brown-sp       1 
   467 8:brown-sp 8:brown-sp       1 
   468 8:brown-sp 8:brown-sp       1 
   469 8:brown-sp 8:brown-sp       0.958 
   470 8:brown-sp 8:brown-sp       1 
   471 8:brown-sp 8:brown-sp       1 
   472 8:brown-sp 8:brown-sp       1 
   473 8:brown-sp 8:brown-sp       1 
   474 8:brown-sp 8:brown-sp       0.958 
   475 8:brown-sp 8:brown-sp       1 
   476 8:brown-sp 8:brown-sp       1 
   477 8:brown-sp 8:brown-sp       1 
   478 8:brown-sp 8:brown-sp       1 
   479 8:brown-sp 8:brown-sp       1 
   480 8:brown-sp 8:brown-sp       1 
   481 8:brown-sp 8:brown-sp       1 
   482 9:bacteria 9:bacteria       0.952 
   483 9:bacteria 9:bacteria       0.952 
   484 9:bacteria 9:bacteria       0.952 
   485 9:bacteria 9:bacteria       0.952 
   486 9:bacteria 9:bacteria       0.952 
   487 9:bacteria 9:bacteria       0.952 
   488 9:bacteria 9:bacteria       0.952 
   489 9:bacteria 9:bacteria       0.952 
   490 9:bacteria 9:bacteria       0.952 
   491 9:bacteria 9:bacteria       0.952 
   492 10:bacteri 10:bacteri       0.949 
   493 10:bacteri 10:bacteri       0.949 
   494 10:bacteri 10:bacteri       0.949 
   495 10:bacteri 9:bacteria   +   0.952 
   496 10:bacteri 10:bacteri       0.949 
   497 10:bacteri 10:bacteri       0.949 
   498 10:bacteri 10:bacteri       0.619 
   499 10:bacteri 10:bacteri       0.949 
   500 10:bacteri 10:bacteri       0.949 
   501 10:bacteri 10:bacteri       0.949 
   502 11:purple- 11:purple-       0.98 
   503 11:purple- 11:purple-       0.98 
   504 11:purple- 11:purple-       0.98 
   505 11:purple- 11:purple-       0.98 
   506 11:purple- 11:purple-       0.98 
   507 11:purple- 11:purple-       1 
   508 11:purple- 11:purple-       1 
   509 11:purple- 11:purple-       1 
   510 11:purple- 11:purple-       1 
   511 11:purple- 11:purple-       0.98 
   512 12:anthrac 12:anthrac       1 
   513 12:anthrac 12:anthrac       1 
   514 12:anthrac 12:anthrac       1 
   515 12:anthrac 12:anthrac       1 
   516 12:anthrac 12:anthrac       0.909 
   517 12:anthrac 12:anthrac       1 
   518 12:anthrac 12:anthrac       1 
   519 12:anthrac 12:anthrac       1 
   520 12:anthrac 12:anthrac       1 
   521 12:anthrac 12:anthrac       1 
   522 12:anthrac 12:anthrac       1 
   523 12:anthrac 12:anthrac       0.909 
   524 12:anthrac 12:anthrac       0.909 
   525 12:anthrac 12:anthrac       0.909 
   526 12:anthrac 12:anthrac       0.909 
   527 12:anthrac 12:anthrac       1 
   528 12:anthrac 12:anthrac       1 
   529 12:anthrac 12:anthrac       1 
   530 12:anthrac 12:anthrac       1 
   531 12:anthrac 12:anthrac       1 
   532 12:anthrac 12:anthrac       1 
   533 12:anthrac 12:anthrac       1 
   534 12:anthrac 12:anthrac       1 
   535 12:anthrac 12:anthrac       1 
   536 13:phyllos 13:phyllos       1 
   537 13:phyllos 13:phyllos       1 
   538 13:phyllos 8:brown-sp   +   0.958 
   539 13:phyllos 8:brown-sp   +   0.6 
   540 13:phyllos 13:phyllos       1 
   541 13:phyllos 13:phyllos       1 
   542 13:phyllos 13:phyllos       1 
   543 13:phyllos 13:phyllos       1 
   544 13:phyllos 13:phyllos       1 
   545 13:phyllos 13:phyllos       1 
   546 14:alterna 14:alterna       0.968 
   547 14:alterna 14:alterna       0.909 
   548 14:alterna 14:alterna       0.968 
   549 14:alterna 14:alterna       0.909 
   550 14:alterna 14:alterna       0.968 
   551 14:alterna 14:alterna       0.909 
   552 14:alterna 14:alterna       0.968 
   553 14:alterna 14:alterna       0.909 
   554 14:alterna 14:alterna       0.909 
   555 14:alterna 14:alterna       0.909 
   556 14:alterna 14:alterna       0.75 
   557 14:alterna 14:alterna       0.968 
   558 14:alterna 14:alterna       0.75 
   559 14:alterna 14:alterna       0.968 
   560 14:alterna 14:alterna       0.909 
   561 14:alterna 14:alterna       0.968 
   562 14:alterna 14:alterna       0.75 
   563 14:alterna 14:alterna       0.909 
   564 14:alterna 14:alterna       0.968 
   565 14:alterna 14:alterna       0.909 
   566 14:alterna 14:alterna       0.75 
   567 14:alterna 14:alterna       0.909 
   568 14:alterna 14:alterna       0.968 
   569 14:alterna 14:alterna       0.909 
   570 14:alterna 14:alterna       0.909 
   571 14:alterna 14:alterna       0.909 
   572 14:alterna 14:alterna       0.909 
   573 14:alterna 14:alterna       0.909 
   574 14:alterna 14:alterna       0.909 
   575 14:alterna 14:alterna       0.75 
   576 14:alterna 14:alterna       0.909 
   577 14:alterna 14:alterna       0.968 
   578 14:alterna 15:frog-ey   +   0.545 
   579 14:alterna 14:alterna       0.75 
   580 14:alterna 14:alterna       0.909 
   581 14:alterna 14:alterna       0.968 
   582 14:alterna 14:alterna       0.8 
   583 14:alterna 14:alterna       0.75 
   584 14:alterna 14:alterna       0.909 
   585 14:alterna 14:alterna       0.909 
   586 14:alterna 14:alterna       0.909 
   587 14:alterna 14:alterna       0.968 
   588 14:alterna 14:alterna       0.968 
   589 14:alterna 14:alterna       0.909 
   590 14:alterna 14:alterna       0.968 
   591 14:alterna 14:alterna       0.909 
   592 14:alterna 14:alterna       0.968 
   593 14:alterna 14:alterna       0.909 
   594 14:alterna 14:alterna       0.968 
   595 14:alterna 14:alterna       0.909 
   596 14:alterna 14:alterna       0.968 
   597 15:frog-ey 15:frog-ey       1 
   598 15:frog-ey 15:frog-ey       1 
   599 15:frog-ey 15:frog-ey       0.545 
   600 15:frog-ey 15:frog-ey       1 
   601 15:frog-ey 14:alterna   +   0.8 
   602 15:frog-ey 15:frog-ey       1 
   603 15:frog-ey 14:alterna   +   0.75 
   604 15:frog-ey 14:alterna   +   0.75 
   605 15:frog-ey 14:alterna   +   0.968 
   606 15:frog-ey 15:frog-ey       1 
   607 15:frog-ey 15:frog-ey       0.545 
   608 15:frog-ey 15:frog-ey       1 
   609 15:frog-ey 15:frog-ey       1 
   610 15:frog-ey 15:frog-ey       1 
   611 15:frog-ey 15:frog-ey       1 
   612 15:frog-ey 15:frog-ey       1 
   613 15:frog-ey 15:frog-ey       0.545 
   614 15:frog-ey 15:frog-ey       1 
   615 15:frog-ey 15:frog-ey       0.545 
   616 15:frog-ey 15:frog-ey       1 
   617 15:frog-ey 15:frog-ey       1 
   618 15:frog-ey 15:frog-ey       1 
   619 15:frog-ey 15:frog-ey       1 
   620 15:frog-ey 15:frog-ey       1 
   621 15:frog-ey 15:frog-ey       1 
   622 15:frog-ey 15:frog-ey       1 
   623 15:frog-ey 15:frog-ey       1 
   624 15:frog-ey 15:frog-ey       1 
   625 15:frog-ey 15:frog-ey       1 
   626 15:frog-ey 15:frog-ey       1 
   627 15:frog-ey 15:frog-ey       1 
   628 15:frog-ey 15:frog-ey       1 
   629 15:frog-ey 15:frog-ey       1 
   630 15:frog-ey 15:frog-ey       1 
   631 15:frog-ey 15:frog-ey       1 
   632 15:frog-ey 15:frog-ey       1 
   633 15:frog-ey 15:frog-ey       1 
   634 15:frog-ey 15:frog-ey       1 
   635 15:frog-ey 15:frog-ey       1 
   636 15:frog-ey 15:frog-ey       1 
   637 15:frog-ey 15:frog-ey       1 
   638 15:frog-ey 15:frog-ey       1 
   639 15:frog-ey 15:frog-ey       1 
   640 15:frog-ey 15:frog-ey       1 
   641 15:frog-ey 15:frog-ey       1 
   642 15:frog-ey 15:frog-ey       1 
   643 15:frog-ey 15:frog-ey       1 
   644 15:frog-ey 15:frog-ey       1 
   645 15:frog-ey 15:frog-ey       1 
   646 15:frog-ey 15:frog-ey       1 
   647 15:frog-ey 15:frog-ey       1 
   648 16:diaport 16:diaport       0.874 
   649 16:diaport 16:diaport       0.874 
   650 16:diaport 16:diaport       0.874 
   651 16:diaport 16:diaport       0.874 
   652 16:diaport 16:diaport       0.874 
   653 16:diaport 16:diaport       0.87 
   654 16:diaport 16:diaport       0.874 
   655 16:diaport 16:diaport       0.874 
   656 16:diaport 16:diaport       0.874 
   657 17:cyst-ne 17:cyst-ne       0.796 
   658 17:cyst-ne 17:cyst-ne       0.796 
   659 17:cyst-ne 17:cyst-ne       0.796 
   660 17:cyst-ne 17:cyst-ne       0.796 
   661 17:cyst-ne 17:cyst-ne       0.796 
   662 17:cyst-ne 17:cyst-ne       0.796 
   663 17:cyst-ne 17:cyst-ne       0.796 
   664 17:cyst-ne 17:cyst-ne       0.796 
   665 18:2-4-d-i 18:2-4-d-i       0.366 
   666 18:2-4-d-i 18:2-4-d-i       0.366 
   667 18:2-4-d-i 18:2-4-d-i       0.366 
   668 18:2-4-d-i 18:2-4-d-i       0.366 
   669 18:2-4-d-i 18:2-4-d-i       0.366 
   670 18:2-4-d-i 18:2-4-d-i       0.366 
   671 18:2-4-d-i 18:2-4-d-i       0.366 
   672 18:2-4-d-i 18:2-4-d-i       0.366 
   673 18:2-4-d-i 18:2-4-d-i       0.366 
   674 18:2-4-d-i 18:2-4-d-i       0.366 
   675 18:2-4-d-i 18:2-4-d-i       0.366 
   676 18:2-4-d-i 18:2-4-d-i       0.366 
   677 18:2-4-d-i 18:2-4-d-i       0.366 
   678 18:2-4-d-i 18:2-4-d-i       0.366 
   679 18:2-4-d-i 18:2-4-d-i       0.366 
   680 19:herbici 4:phytopht   +   0.639 
   681 19:herbici 4:phytopht   +   0.639 
   682 19:herbici 19:herbici       0.819 
   683 19:herbici 19:herbici       0.819 

