

=== Predictions on test data ===

 inst#     actual  predicted error prediction
     1 1:diaporth 1:diaporth       0.78 
     2 1:diaporth 1:diaporth       0.888 
     3 1:diaporth 1:diaporth       1 
     4 1:diaporth 1:diaporth       1 
     5 1:diaporth 1:diaporth       0.788 
     6 1:diaporth 1:diaporth       0.993 
     7 1:diaporth 1:diaporth       0.986 
     8 1:diaporth 1:diaporth       0.981 
     9 1:diaporth 1:diaporth       0.9 
    10 1:diaporth 1:diaporth       0.988 
    11 4:phytopht 2:charcoal   +   1 
    12 2:charcoal 2:charcoal       0.988 
    13 2:charcoal 2:charcoal       0.889 
    14 2:charcoal 2:charcoal       0.995 
    15 2:charcoal 2:charcoal       1 
    16 2:charcoal 2:charcoal       0.994 
    17        1:? 2:charcoal       0.999 
    18        1:? 2:charcoal       0.894 

